<?xml version="1.0" encoding="UTF-8"?>
<testng-results skipped="0" failed="0" total="1" passed="1">
  <reporter-output>
  </reporter-output>
  <suite name="Default suite" duration-ms="44857" started-at="2022-05-05T04:57:06Z" finished-at="2022-05-05T04:57:51Z">
    <groups>
    </groups>
    <test name="Default test" duration-ms="44857" started-at="2022-05-05T04:57:06Z" finished-at="2022-05-05T04:57:51Z">
      <class name="com.mindtree.testcases.TestCase1">
        <test-method status="PASS" signature="baseclass()[pri:0, instance:com.mindtree.testcases.TestCase1@27c20538]" name="baseclass" is-config="true" duration-ms="22777" started-at="2022-05-05T10:27:06Z" finished-at="2022-05-05T10:27:29Z">
          <reporter-output>
          </reporter-output>
        </test-method> <!-- baseclass -->
        <test-method status="PASS" signature="search()[pri:0, instance:com.mindtree.testcases.TestCase1@27c20538]" name="search" duration-ms="20929" started-at="2022-05-05T10:27:29Z" finished-at="2022-05-05T10:27:50Z">
          <reporter-output>
          </reporter-output>
        </test-method> <!-- search -->
        <test-method status="PASS" signature="afterclass()[pri:0, instance:com.mindtree.testcases.TestCase1@27c20538]" name="afterclass" is-config="true" duration-ms="1116" started-at="2022-05-05T10:27:50Z" finished-at="2022-05-05T10:27:51Z">
          <reporter-output>
          </reporter-output>
        </test-method> <!-- afterclass -->
      </class> <!-- com.mindtree.testcases.TestCase1 -->
    </test> <!-- Default test -->
  </suite> <!-- Default suite -->
</testng-results>
