<?xml version="1.0" encoding="UTF-8"?>
<!-- Generated by org.testng.reporters.JUnitXMLReporter -->
<testsuite hostname="Harshith99" name="Test" tests="3" failures="0" timestamp="5 May 2022 04:54:57 GMT" time="175.103" errors="0">
  <testcase name="@BeforeClass baseclass" time="0.0" classname="com.mindtree.testcases.TestCase1">
    <failure type="java.lang.NoSuchMethodError" message="org.apache.logging.log4j.Logger.atDebug()Lorg/apache/logging/log4j/LogBuilder;">
      <![CDATA[java.lang.NoSuchMethodError: org.apache.logging.log4j.Logger.atDebug()Lorg/apache/logging/log4j/LogBuilder;
	at org.apache.poi.openxml4j.opc.PackageRelationshipCollection.parseRelationshipsPart(PackageRelationshipCollection.java:309)
	at org.apache.poi.openxml4j.opc.PackageRelationshipCollection.<init>(PackageRelationshipCollection.java:160)
	at org.apache.poi.openxml4j.opc.PackageRelationshipCollection.<init>(PackageRelationshipCollection.java:130)
	at org.apache.poi.openxml4j.opc.PackagePart.loadRelationships(PackagePart.java:565)
	at org.apache.poi.openxml4j.opc.OPCPackage.getParts(OPCPackage.java:745)
	at org.apache.poi.openxml4j.opc.OPCPackage.open(OPCPackage.java:315)
	at org.apache.poi.ooxml.util.PackageHelper.open(PackageHelper.java:59)
	at org.apache.poi.xssf.usermodel.XSSFWorkbook.<init>(XSSFWorkbook.java:289)
	at org.apache.poi.xssf.usermodel.XSSFWorkbook.<init>(XSSFWorkbook.java:285)
	at com.mindtree.utilities.ReadExcel.<init>(ReadExcel.java:18)
	at com.mindtree.testcases.TestCase1.baseclass(TestCase1.java:24)
... Removed 25 stack frames]]>
    </failure>
  </testcase> <!-- @BeforeClass baseclass -->
  <testcase name="@AfterClass afterclass" time="0.0" classname="com.mindtree.testcases.TestCase1">
    <skipped/>
  </testcase> <!-- @AfterClass afterclass -->
  <testcase name="search" time="0.007" classname="com.mindtree.testcases.TestCase1">
    <skipped/>
  </testcase> <!-- search -->
  <testcase name="sport" time="72.887" classname="com.mindtree.testcases.TestCase2"/>
  <testcase name="footer" time="33.018" classname="com.mindtree.testcases.TestCase3"/>
</testsuite> <!-- Test -->
